🔍 Checking AWS CLI credentials...
✅ AWS CLI is configured and credentials are valid.
🔧 Bootstrapping remote state backend in us-east-1...
📦 Creating S3 bucket: cybacad-tfstate-prod
{
    "Location": "/cybacad-tfstate-prod"
}
🗄 Creating DynamoDB table: cybacad-tflock-prod
{
    "TableDescription": {
        "AttributeDefinitions": [
            {
                "AttributeName": "LockID",
                "AttributeType": "S"
            }
        ],
        "TableName": "cybacad-tflock-prod",
        "KeySchema": [
            {
                "AttributeName": "LockID",
                "KeyType": "HASH"
            }
        ],
        "TableStatus": "CREATING",
        "CreationDateTime": "2025-09-05T20:00:07.006000+01:00",
        "ProvisionedThroughput": {
            "NumberOfDecreasesToday": 0,
            "ReadCapacityUnits": 0,
            "WriteCapacityUnits": 0
        },
        "TableSizeBytes": 0,
        "ItemCount": 0,
        "TableArn": "arn:aws:dynamodb:us-east-1:016592542442:table/cybacad-tflock-prod",
        "TableId": "b662528a-e4e5-4059-ba69-8a963eac025f",
        "BillingModeSummary": {
            "BillingMode": "PAY_PER_REQUEST"
        },
        "DeletionProtectionEnabled": false
    }
}
🆕 Creating /c/Users/User/Chris/Projects/terraform/environments/prod/variables.tf
⚠️  No Lambda directory at /c/Users/User/Chris/Projects/terraform/environments/prod/lambda; skipping packaging.
📂 Using Terraform dir: /c/Users/User/Chris/Projects/terraform/environments/prod
[32m[1mSuccess![0m The configuration is valid.
[0m
[0m[1mInitializing the backend...[0m
[0m[32m
Successfully configured the backend "s3"! Terraform will automatically
use this backend unless the backend configuration changes.[0m
[0m[1mInitializing provider plugins...[0m

[0m[1m[32mTerraform has been successfully initialized![0m[32m[0m
[0m[32m
You may now begin working with Terraform. Try running "terraform plan" to see
any changes that are required for your infrastructure. All Terraform commands
should now work.

If you ever set or change modules or backend configuration for Terraform,
rerun this command to reinitialize your working directory. If you forget, other
commands will detect it and remind you to do so if necessary.[0m

[0m[1m[32mNo changes.[0m[1m Your infrastructure matches the configuration.[0m

[0mTerraform has compared your real infrastructure against your configuration
and found no differences, so no changes are needed.
✅ Script execution finished successfully. Logs are at /c/Users/User/Chris/Projects/logs/prod_plan_2025-09-05_19-59-51.log
